demo/app/build/outputs/logs/manifest-merger-release-report.txt
-- Merging decision tree log ---
manifest
ADDED from src\main\AndroidManifest.xml:2:1-209:12
INJECTED from src\main\AndroidManifest.xml:2:1-209:12
INJECTED from src\main\AndroidManifest.xml:2:1-209:12
INJECTED from src\main\AndroidManifest.xml:2:1-209:12
MERGED from [jjdxm-ijkplayer.aar] AndroidManifest.xml:2:1-12:12
MERGED from [:glide37] AndroidManifest.xml:2:1-17:12
MERGED from [:lockpattern] AndroidManifest.xml:2:1-21:12
MERGED from [:CommonRecycler] AndroidManifest.xml:2:1-14:12
MERGED from [:libzxing] AndroidManifest.xml:2:1-33:12
MERGED from [:baselibrary] AndroidManifest.xml:2:1-11:12
MERGED from [com.android.support:design:27.1.1] AndroidManifest.xml:17:1-22:12
MERGED from [com.lzy.widget:view-core:0.1.5] AndroidManifest.xml:2:1-16:12
MERGED from [com.wx.goodview:goodview:1.0.0] AndroidManifest.xml:2:1-17:12
MERGED from [com.github.gittjy:LoadingDialog:1.0.2] AndroidManifest.xml:2:1-17:12
MERGED from [cn.carbs.android:AvatarImageView:1.0.4] AndroidManifest.xml:2:1-12:12
MERGED from [com.github.maning0303:MNUpdateAPK:V1.1.8] AndroidManifest.xml:2:1-30:12
MERGED from [com.android.support:appcompat-v7:27.1.1] AndroidManifest.xml:17:1-22:12
MERGED from [me.shaohui:bottomdialog:1.1.9] AndroidManifest.xml:2:1-11:12
MERGED from [com.kevin:loopview:1.4.3] AndroidManifest.xml:2:1-11:12
MERGED from [com.android.support:support-v4:27.1.1] AndroidManifest.xml:17:1-22:12
MERGED from [com.android.support:recyclerview-v7:27.1.1] AndroidManifest.xml:17:1-22:12
MERGED from [com.android.support.constraint:constraint-layout:1.1.3] AndroidManifest.xml:2:1-11:12
MERGED from [com.nex3z:flow-layout:1.2.2] AndroidManifest.xml:2:1-13:12
MERGED from [com.lzy.net:okgo:3.0.4] AndroidManifest.xml:17:1-31:12
MERGED from [com.wang.avi:library:2.1.3] AndroidManifest.xml:2:1-11:12
MERGED from [com.github.xiaohaibin:XBanner:1.6.4] AndroidManifest.xml:2:1-14:12
MERGED from [com.android.support:cardview-v7:26.0.0] AndroidManifest.xml:17:1-28:12
MERGED from [com.kevin:delegationadapter:1.1.0] AndroidManifest.xml:2:1-11:12
MERGED from [com.kevin:delegationadapter-extras:1.1.0] AndroidManifest.xml:2:1-11:12
MERGED from [com.scwang.smartrefresh:SmartRefreshLayout:1.1.0-alpha-7] AndroidManifest.xml:2:1-17:12
MERGED from [:ijkplayer-java] AndroidManifest.xml:2:1-9:12
MERGED from [com.tencent.tinker:tinker-android-lib:1.9.9] AndroidManifest.xml:2:1-39:12
MERGED from [com.android.support:multidex:1.0.3] AndroidManifest.xml:17:1-22:12
MERGED from [com.android.support:support-fragment:27.1.1] AndroidManifest.xml:17:1-22:12
MERGED from [com.android.support:animated-vector-drawable:27.1.1] AndroidManifest.xml:17:1-22:12
MERGED from [com.android.support:support-core-ui:27.1.1] AndroidManifest.xml:17:1-22:12
MERGED from [com.android.support:support-core-utils:27.1.1] AndroidManifest.xml:17:1-22:12
MERGED from [com.android.support:support-vector-drawable:27.1.1] AndroidManifest.xml:17:1-22:12
MERGED from [com.android.support:support-media-compat:27.1.1] AndroidManifest.xml:17:1-22:12
MERGED from [com.android.support:transition:27.1.1] AndroidManifest.xml:17:1-22:12
MERGED from [com.android.support:support-compat:27.1.1] AndroidManifest.xml:17:1-22:12
MERGED from [com.tencent.tinker:tinker-android-loader:1.9.9] AndroidManifest.xml:2:1-161:12
MERGED from [android.arch.lifecycle:livedata-core:1.1.0] AndroidManifest.xml:17:1-22:12
MERGED from [android.arch.lifecycle:viewmodel:1.1.0] AndroidManifest.xml:17:1-22:12
MERGED from [android.arch.lifecycle:runtime:1.1.0] AndroidManifest.xml:17:1-22:12
MERGED from [android.arch.core:runtime:1.1.0] AndroidManifest.xml:17:1-22:12
INJECTED from src\main\AndroidManifest.xml:2:1-209:12
INJECTED from src\main\AndroidManifest.xml:2:1-209:12
INJECTED from src\main\AndroidManifest.xml:2:1-209:12
	package
		ADDED from src\main\AndroidManifest.xml:3:5-24
		INJECTED from src\main\AndroidManifest.xml
		INJECTED from src\main\AndroidManifest.xml
	android:versionName
		INJECTED from src\main\AndroidManifest.xml
		ADDED from src\main\AndroidManifest.xml:2:1-209:12
		INJECTED from src\main\AndroidManifest.xml
	android:versionCode
		INJECTED from src\main\AndroidManifest.xml
		ADDED from src\main\AndroidManifest.xml:2:1-209:12
		INJECTED from src\main\AndroidManifest.xml
	xmlns:android
		ADDED from src\main\AndroidManifest.xml:2:11-69
uses-permission#android.permission.MODIFY_AUDIO_SETTINGS
ADDED from src\main\AndroidManifest.xml:5:5-80
	android:name
		ADDED from src\main\AndroidManifest.xml:5:22-77
uses-permission#android.permission.INTERNET
ADDED from src\main\AndroidManifest.xml:6:5-67
MERGED from [com.lzy.net:okgo:3.0.4] AndroidManifest.xml:26:5-67
MERGED from [com.lzy.net:okgo:3.0.4] AndroidManifest.xml:26:5-67
	android:name
		ADDED from src\main\AndroidManifest.xml:6:22-64
uses-permission#android.permission.READ_PHONE_STATE
ADDED from src\main\AndroidManifest.xml:7:5-75
	android:name
		ADDED from src\main\AndroidManifest.xml:7:22-72
uses-permission#android.permission.READ_LOGS
ADDED from src\main\AndroidManifest.xml:8:5-68
	android:name
		ADDED from src\main\AndroidManifest.xml:8:22-65
uses-permission#android.permission.WRITE_EXTERNAL_STORAGE
ADDED from src\main\AndroidManifest.xml:9:5-81
MERGED from [:libzxing] AndroidManifest.xml:13:5-81
MERGED from [:libzxing] AndroidManifest.xml:13:5-81
MERGED from [com.github.maning0303:MNUpdateAPK:V1.1.8] AndroidManifest.xml:12:5-81
MERGED from [com.github.maning0303:MNUpdateAPK:V1.1.8] AndroidManifest.xml:12:5-81
MERGED from [com.lzy.net:okgo:3.0.4] AndroidManifest.xml:28:5-81
MERGED from [com.lzy.net:okgo:3.0.4] AndroidManifest.xml:28:5-81
	android:name
		ADDED from src\main\AndroidManifest.xml:9:22-78
uses-permission#android.permission.READ_EXTERNAL_STORAGE
ADDED from src\main\AndroidManifest.xml:10:5-80
MERGED from [:libzxing] AndroidManifest.xml:14:5-80
MERGED from [:libzxing] AndroidManifest.xml:14:5-80
MERGED from [com.github.maning0303:MNUpdateAPK:V1.1.8] AndroidManifest.xml:13:5-80
MERGED from [com.github.maning0303:MNUpdateAPK:V1.1.8] AndroidManifest.xml:13:5-80
MERGED from [com.lzy.net:okgo:3.0.4] AndroidManifest.xml:27:5-80
MERGED from [com.lzy.net:okgo:3.0.4] AndroidManifest.xml:27:5-80
	android:name
		ADDED from src\main\AndroidManifest.xml:10:22-77
uses-permission#android.permission.REQUEST_INSTALL_PACKAGES
ADDED from src\main\AndroidManifest.xml:11:5-83
MERGED from [com.github.maning0303:MNUpdateAPK:V1.1.8] AndroidManifest.xml:11:5-83
MERGED from [com.github.maning0303:MNUpdateAPK:V1.1.8] AndroidManifest.xml:11:5-83
	android:name
		ADDED from src\main\AndroidManifest.xml:11:22-80
uses-permission#android.permission.WRITE_SETTINGS
ADDED from src\main\AndroidManifest.xml:12:5-73
	android:name
		ADDED from src\main\AndroidManifest.xml:12:22-70
uses-permission#android.permission.WAKE_LOCK
ADDED from src\main\AndroidManifest.xml:13:5-68
	android:name
		ADDED from src\main\AndroidManifest.xml:13:22-65
uses-permission#android.permission.ACCESS_NETWORK_STATE
ADDED from src\main\AndroidManifest.xml:14:5-79
	android:name
		ADDED from src\main\AndroidManifest.xml:14:22-76
uses-permission#android.permission.ACCESS_WIFI_STATE
ADDED from src\main\AndroidManifest.xml:15:5-76
	android:name
		ADDED from src\main\AndroidManifest.xml:15:22-73
uses-permission#android.permission.INTERNAL_SYSTEM_WINDOW
ADDED from src\main\AndroidManifest.xml:16:5-81
	android:name
		ADDED from src\main\AndroidManifest.xml:16:22-78
uses-permission#android.permission.MOUNT_UNMOUNT_FILESYSTEMS
ADDED from src\main\AndroidManifest.xml:17:5-84
MERGED from [:libzxing] AndroidManifest.xml:15:5-84
MERGED from [:libzxing] AndroidManifest.xml:15:5-84
MERGED from [com.lzy.net:okgo:3.0.4] AndroidManifest.xml:29:5-84
MERGED from [com.lzy.net:okgo:3.0.4] AndroidManifest.xml:29:5-84
	android:name
		ADDED from src\main\AndroidManifest.xml:17:22-81
uses-permission#DOWNLOAD_WITHOUT_NOTIFICATION
ADDED from src\main\AndroidManifest.xml:18:5-69
	android:name
		ADDED from src\main\AndroidManifest.xml:18:22-66
uses-permission#android.permission.KILL_BACKGROUND_PROCESSES
ADDED from src\main\AndroidManifest.xml:19:5-84
	android:name
		ADDED from src\main\AndroidManifest.xml:19:22-81
uses-permission#android.permission.ACCESS_COARSE_LOCATION
ADDED from src\main\AndroidManifest.xml:21:5-81
	android:name
		ADDED from src\main\AndroidManifest.xml:21:22-78
uses-permission#android.permission.ACCESS_FINE_LOCATION
ADDED from src\main\AndroidManifest.xml:22:5-79
	android:name
		ADDED from src\main\AndroidManifest.xml:22:22-76
uses-permission#android.permission.CHANGE_WIFI_STATE
ADDED from src\main\AndroidManifest.xml:23:5-76
	android:name
		ADDED from src\main\AndroidManifest.xml:23:22-73
uses-permission#android.permission.CHANGE_NETWORK_STATE
ADDED from src\main\AndroidManifest.xml:24:5-79
	android:name
		ADDED from src\main\AndroidManifest.xml:24:22-76
uses-feature#android.hardware.camera
ADDED from src\main\AndroidManifest.xml:25:5-27:36
	android:required
		ADDED from src\main\AndroidManifest.xml:27:9-33
	android:name
		ADDED from src\main\AndroidManifest.xml:26:9-47
uses-permission#android.permission.CAMERA
ADDED from src\main\AndroidManifest.xml:29:5-65
MERGED from [:libzxing] AndroidManifest.xml:11:5-65
MERGED from [:libzxing] AndroidManifest.xml:11:5-65
	android:name
		ADDED from src\main\AndroidManifest.xml:29:22-62
application
ADDED from src\main\AndroidManifest.xml:31:5-207:19
MERGED from [:glide37] AndroidManifest.xml:11:5-15:19
MERGED from [:glide37] AndroidManifest.xml:11:5-15:19
MERGED from [:lockpattern] AndroidManifest.xml:11:5-19:19
MERGED from [:lockpattern] AndroidManifest.xml:11:5-19:19
MERGED from [:CommonRecycler] AndroidManifest.xml:9:5-12:19
MERGED from [:CommonRecycler] AndroidManifest.xml:9:5-12:19
MERGED from [:libzxing] AndroidManifest.xml:17:5-31:19
MERGED from [:libzxing] AndroidManifest.xml:17:5-31:19
MERGED from [com.lzy.widget:view-core:0.1.5] AndroidManifest.xml:11:5-14:19
MERGED from [com.lzy.widget:view-core:0.1.5] AndroidManifest.xml:11:5-14:19
MERGED from [com.wx.goodview:goodview:1.0.0] AndroidManifest.xml:11:5-15:19
MERGED from [com.wx.goodview:goodview:1.0.0] AndroidManifest.xml:11:5-15:19
MERGED from [com.github.gittjy:LoadingDialog:1.0.2] AndroidManifest.xml:11:5-15:19
MERGED from [com.github.gittjy:LoadingDialog:1.0.2] AndroidManifest.xml:11:5-15:19
MERGED from [com.github.maning0303:MNUpdateAPK:V1.1.8] AndroidManifest.xml:15:5-28:19
MERGED from [com.github.maning0303:MNUpdateAPK:V1.1.8] AndroidManifest.xml:15:5-28:19
MERGED from [com.android.support.constraint:constraint-layout:1.1.3] AndroidManifest.xml:9:5-20
MERGED from [com.android.support.constraint:constraint-layout:1.1.3] AndroidManifest.xml:9:5-20
MERGED from [com.nex3z:flow-layout:1.2.2] AndroidManifest.xml:11:5-20
MERGED from [com.nex3z:flow-layout:1.2.2] AndroidManifest.xml:11:5-20
MERGED from [com.github.xiaohaibin:XBanner:1.6.4] AndroidManifest.xml:9:5-12:19
MERGED from [com.github.xiaohaibin:XBanner:1.6.4] AndroidManifest.xml:9:5-12:19
MERGED from [com.android.support:cardview-v7:26.0.0] AndroidManifest.xml:22:5-26:19
MERGED from [com.android.support:cardview-v7:26.0.0] AndroidManifest.xml:22:5-26:19
MERGED from [com.scwang.smartrefresh:SmartRefreshLayout:1.1.0-alpha-7] AndroidManifest.xml:11:5-15:19
MERGED from [com.scwang.smartrefresh:SmartRefreshLayout:1.1.0-alpha-7] AndroidManifest.xml:11:5-15:19
MERGED from [com.tencent.tinker:tinker-android-lib:1.9.9] AndroidManifest.xml:9:5-37:19
MERGED from [com.tencent.tinker:tinker-android-lib:1.9.9] AndroidManifest.xml:9:5-37:19
MERGED from [com.tencent.tinker:tinker-android-loader:1.9.9] AndroidManifest.xml:9:5-159:19
MERGED from [com.tencent.tinker:tinker-android-loader:1.9.9] AndroidManifest.xml:9:5-159:19
	android:supportsRtl
		ADDED from [:CommonRecycler] AndroidManifest.xml:11:9-35
	android:label
		ADDED from src\main\AndroidManifest.xml:36:9-41
	android:allowClearUserData
		ADDED from src\main\AndroidManifest.xml:34:9-42
	android:persistent
		ADDED from src\main\AndroidManifest.xml:39:9-34
	android:largeHeap
		ADDED from src\main\AndroidManifest.xml:37:9-33
	android:icon
		ADDED from src\main\AndroidManifest.xml:35:9-45
	android:allowBackup
		ADDED from src\main\AndroidManifest.xml:33:9-35
	android:theme
		ADDED from src\main\AndroidManifest.xml:40:9-40
	android:networkSecurityConfig
		ADDED from src\main\AndroidManifest.xml:38:9-69
	android:name
		ADDED from src\main\AndroidManifest.xml:32:9-40
activity#com.xcore.ui.activity.ActiveCodeActivity
ADDED from src\main\AndroidManifest.xml:41:9-77
	android:name
		ADDED from src\main\AndroidManifest.xml:41:19-65
service#com.xcore.tinker.TinkerService
ADDED from src\main\AndroidManifest.xml:44:9-46:40
	android:exported
		ADDED from src\main\AndroidManifest.xml:46:13-37
	android:name
		ADDED from src\main\AndroidManifest.xml:45:13-49
provider#android.support.v4.content.FileProvider
ADDED from src\main\AndroidManifest.xml:47:9-55:20
	android:grantUriPermissions
		ADDED from src\main\AndroidManifest.xml:51:13-47
	android:authorities
		ADDED from src\main\AndroidManifest.xml:49:13-53
	android:exported
		ADDED from src\main\AndroidManifest.xml:50:13-37
	android:name
		ADDED from src\main\AndroidManifest.xml:48:13-67
meta-data#android.support.FILE_PROVIDER_PATHS
ADDED from src\main\AndroidManifest.xml:52:13-54:54
	android:resource
		ADDED from src\main\AndroidManifest.xml:54:17-51
	android:name
		ADDED from src\main\AndroidManifest.xml:53:17-67
activity#com.xcore.RunActivity
ADDED from src\main\AndroidManifest.xml:57:9-78:20
	android:screenOrientation
		ADDED from src\main\AndroidManifest.xml:60:13-49
	android:label
		ADDED from src\main\AndroidManifest.xml:59:13-45
	android:name
		ADDED from src\main\AndroidManifest.xml:58:13-40
intent-filter#action:name:android.intent.action.MAIN+category:name:android.intent.category.LAUNCHER
ADDED from src\main\AndroidManifest.xml:61:13-65:29
action#android.intent.action.MAIN
ADDED from src\main\AndroidManifest.xml:62:17-69
	android:name
		ADDED from src\main\AndroidManifest.xml:62:25-66
category#android.intent.category.LAUNCHER
ADDED from src\main\AndroidManifest.xml:64:17-77
	android:name
		ADDED from src\main\AndroidManifest.xml:64:27-74
intent-filter#action:name:android.intent.action.VIEW+category:name:android.intent.category.BROWSABLE+category:name:android.intent.category.DEFAULT+data:host:www.qxtv6.com+data:path:/qx+data:scheme:qx
ADDED from src\main\AndroidManifest.xml:67:13-77:29
action#android.intent.action.VIEW
ADDED from src\main\AndroidManifest.xml:68:17-69
	android:name
		ADDED from src\main\AndroidManifest.xml:68:25-66
category#android.intent.category.DEFAULT
ADDED from src\main\AndroidManifest.xml:70:17-76
	android:name
		ADDED from src\main\AndroidManifest.xml:70:27-73
category#android.intent.category.BROWSABLE
ADDED from src\main\AndroidManifest.xml:71:17-78
	android:name
		ADDED from src\main\AndroidManifest.xml:71:27-75
data
ADDED from src\main\AndroidManifest.xml:73:17-76:43
	android:path
		ADDED from src\main\AndroidManifest.xml:75:21-39
	android:host
		ADDED from src\main\AndroidManifest.xml:74:21-49
	android:scheme
		ADDED from src\main\AndroidManifest.xml:76:21-40
activity#com.xcore.P2PTransActivity
ADDED from src\main\AndroidManifest.xml:79:9-81:52
	android:screenOrientation
		ADDED from src\main\AndroidManifest.xml:81:13-49
	android:name
		ADDED from src\main\AndroidManifest.xml:80:13-45
activity#com.xcore.PermissionsActivity
ADDED from src\main\AndroidManifest.xml:82:9-84:52
	android:screenOrientation
		ADDED from src\main\AndroidManifest.xml:84:13-49
	android:name
		ADDED from src\main\AndroidManifest.xml:83:13-48
activity#com.xcore.SplashActivity
ADDED from src\main\AndroidManifest.xml:85:9-87:52
	android:screenOrientation
		ADDED from src\main\AndroidManifest.xml:87:13-49
	android:name
		ADDED from src\main\AndroidManifest.xml:86:13-43
activity#com.xcore.ui.activity.TagActivity
ADDED from src\main\AndroidManifest.xml:88:9-90:52
	android:screenOrientation
		ADDED from src\main\AndroidManifest.xml:90:13-49
	android:name
		ADDED from src\main\AndroidManifest.xml:89:13-52
activity#com.xcore.ui.activity.LoginActivity
ADDED from src\main\AndroidManifest.xml:91:9-93:52
	android:screenOrientation
		ADDED from src\main\AndroidManifest.xml:93:13-49
	android:name
		ADDED from src\main\AndroidManifest.xml:92:13-54
activity#com.xcore.ui.activity.RegisterActivity
ADDED from src\main\AndroidManifest.xml:94:9-96:52
	android:screenOrientation
		ADDED from src\main\AndroidManifest.xml:96:13-49
	android:name
		ADDED from src\main\AndroidManifest.xml:95:13-57
activity#com.xcore.ui.activity.SpreadShareActivity
ADDED from src\main\AndroidManifest.xml:97:9-99:52
	android:screenOrientation
		ADDED from src\main\AndroidManifest.xml:99:13-49
	android:name
		ADDED from src\main\AndroidManifest.xml:98:13-60
activity#com.xcore.ui.activity.SettingActivity
ADDED from src\main\AndroidManifest.xml:100:9-102:52
	android:screenOrientation
		ADDED from src\main\AndroidManifest.xml:102:13-49
	android:name
		ADDED from src\main\AndroidManifest.xml:101:13-56
activity#com.xcore.ui.activity.NoticeDetailActivity
ADDED from src\main\AndroidManifest.xml:103:9-105:52
	android:screenOrientation
		ADDED from src\main\AndroidManifest.xml:105:13-49
	android:name
		ADDED from src\main\AndroidManifest.xml:104:13-61
activity#com.xcore.ui.activity.FeedbackRecodeActivity
ADDED from src\main\AndroidManifest.xml:106:9-108:52
	android:screenOrientation
		ADDED from src\main\AndroidManifest.xml:108:13-49
	android:name
		ADDED from src\main\AndroidManifest.xml:107:13-63
activity#com.xcore.ui.activity.SearchActivity
ADDED from src\main\AndroidManifest.xml:109:9-112:57
	android:screenOrientation
		ADDED from src\main\AndroidManifest.xml:111:13-49
	android:windowSoftInputMode
		ADDED from src\main\AndroidManifest.xml:112:13-54
	android:name
		ADDED from src\main\AndroidManifest.xml:110:13-55
activity#com.xcore.ui.activity.FeedbackActivity
ADDED from src\main\AndroidManifest.xml:113:9-115:52
	android:screenOrientation
		ADDED from src\main\AndroidManifest.xml:115:13-49
	android:name
		ADDED from src\main\AndroidManifest.xml:114:13-57
activity#com.xcore.ui.activity.ThemeActivity
ADDED from src\main\AndroidManifest.xml:116:9-118:52
	android:screenOrientation
		ADDED from src\main\AndroidManifest.xml:118:13-49
	android:name
		ADDED from src\main\AndroidManifest.xml:117:13-54
activity#com.xcore.ui.activity.BoxActivity
ADDED from src\main\AndroidManifest.xml:119:9-121:52
	android:screenOrientation
		ADDED from src\main\AndroidManifest.xml:121:13-49
	android:name
		ADDED from src\main\AndroidManifest.xml:120:13-52
activity#com.xcore.ui.activity.LastUpdatedActivity
ADDED from src\main\AndroidManifest.xml:122:9-124:52
	android:screenOrientation
		ADDED from src\main\AndroidManifest.xml:124:13-49
	android:name
		ADDED from src\main\AndroidManifest.xml:123:13-60
activity#com.xcore.ui.activity.MyShareActivity
ADDED from src\main\AndroidManifest.xml:125:9-127:52
	android:screenOrientation
		ADDED from src\main\AndroidManifest.xml:127:13-49
	android:name
		ADDED from src\main\AndroidManifest.xml:126:13-56
activity#com.xcore.ui.activity.ProtocolActivity
ADDED from src\main\AndroidManifest.xml:128:9-130:52
	android:screenOrientation
		ADDED from src\main\AndroidManifest.xml:130:13-49
	android:name
		ADDED from src\main\AndroidManifest.xml:129:13-57
activity#com.xcore.ui.activity.TypeActivity
ADDED from src\main\AndroidManifest.xml:131:9-133:52
	android:screenOrientation
		ADDED from src\main\AndroidManifest.xml:133:13-49
	android:name
		ADDED from src\main\AndroidManifest.xml:132:13-53
activity#com.xcore.ui.activity.FindActivity
ADDED from src\main\AndroidManifest.xml:134:9-136:52
	android:screenOrientation
		ADDED from src\main\AndroidManifest.xml:136:13-49
	android:name
		ADDED from src\main\AndroidManifest.xml:135:13-53
activity#com.xcore.ui.activity.XMainActivity
ADDED from src\main\AndroidManifest.xml:137:9-140:52
	android:screenOrientation
		ADDED from src\main\AndroidManifest.xml:140:13-49
	android:launchMode
		ADDED from src\main\AndroidManifest.xml:139:13-44
	android:name
		ADDED from src\main\AndroidManifest.xml:138:13-54
activity#com.xcore.ui.activity.TagSelectActivity
ADDED from src\main\AndroidManifest.xml:141:9-143:52
	android:screenOrientation
		ADDED from src\main\AndroidManifest.xml:143:13-49
	android:name
		ADDED from src\main\AndroidManifest.xml:142:13-58
activity#com.xcore.ui.activity.UpgradeActivity
ADDED from src\main\AndroidManifest.xml:144:9-146:52
	android:screenOrientation
		ADDED from src\main\AndroidManifest.xml:146:13-49
	android:name
		ADDED from src\main\AndroidManifest.xml:145:13-56
activity#com.xcore.ui.activity.HRecodeActivity
ADDED from src\main\AndroidManifest.xml:147:9-149:52
	android:screenOrientation
		ADDED from src\main\AndroidManifest.xml:149:13-49
	android:name
		ADDED from src\main\AndroidManifest.xml:148:13-56
activity#com.xcore.ui.activity.CollectActivity
ADDED from src\main\AndroidManifest.xml:150:9-152:52
	android:screenOrientation
		ADDED from src\main\AndroidManifest.xml:152:13-49
	android:name
		ADDED from src\main\AndroidManifest.xml:151:13-56
activity#com.xcore.ui.activity.ThemeListActivity
ADDED from src\main\AndroidManifest.xml:153:9-155:52
	android:screenOrientation
		ADDED from src\main\AndroidManifest.xml:155:13-49
	android:name
		ADDED from src\main\AndroidManifest.xml:154:13-58
activity#com.xcore.ui.activity.AppUpdateActivity
ADDED from src\main\AndroidManifest.xml:156:9-158:52
	android:theme
		ADDED from src\main\AndroidManifest.xml:158:13-49
	android:name
		ADDED from src\main\AndroidManifest.xml:157:13-58
activity#com.xcore.ui.activity.NoticeTipsPopupActivity
ADDED from src\main\AndroidManifest.xml:159:9-161:52
	android:theme
		ADDED from src\main\AndroidManifest.xml:161:13-49
	android:name
		ADDED from src\main\AndroidManifest.xml:160:13-64
activity#com.xcore.ui.activity.UpdateUserHeadActivity
ADDED from src\main\AndroidManifest.xml:162:9-164:52
	android:screenOrientation
		ADDED from src\main\AndroidManifest.xml:164:13-49
	android:name
		ADDED from src\main\AndroidManifest.xml:163:13-63
activity#com.xcore.ui.activity.GuideActivity
ADDED from src\main\AndroidManifest.xml:165:9-167:52
	android:screenOrientation
		ADDED from src\main\AndroidManifest.xml:167:13-49
	android:name
		ADDED from src\main\AndroidManifest.xml:166:13-54
activity#com.xcore.ui.activity.MakeLTDActivity
ADDED from src\main\AndroidManifest.xml:168:9-170:52
	android:screenOrientation
		ADDED from src\main\AndroidManifest.xml:170:13-49
	android:name
		ADDED from src\main\AndroidManifest.xml:169:13-56
activity#com.xcore.ui.activity.NvStarListActivity
ADDED from src\main\AndroidManifest.xml:171:9-173:52
	android:screenOrientation
		ADDED from src\main\AndroidManifest.xml:173:13-49
	android:name
		ADDED from src\main\AndroidManifest.xml:172:13-59
activity#com.xcore.ui.activity.CuestomerCaptureActivity
ADDED from src\main\AndroidManifest.xml:174:9-176:52
	android:screenOrientation
		ADDED from src\main\AndroidManifest.xml:176:13-49
	android:name
		ADDED from src\main\AndroidManifest.xml:175:13-65
activity#com.xcore.ui.activity.GifFindActivity
ADDED from src\main\AndroidManifest.xml:177:9-179:52
	android:screenOrientation
		ADDED from src\main\AndroidManifest.xml:179:13-49
	android:name
		ADDED from src\main\AndroidManifest.xml:178:13-56
activity#com.xcore.ui.activity.PVideoViewActivity1202
ADDED from src\main\AndroidManifest.xml:180:9-183:52
	android:screenOrientation
		ADDED from src\main\AndroidManifest.xml:183:13-49
	android:configChanges
		ADDED from src\main\AndroidManifest.xml:182:13-74
	android:name
		ADDED from src\main\AndroidManifest.xml:181:13-63
activity#com.xcore.ui.activity.PVideoViewActivity88
ADDED from src\main\AndroidManifest.xml:184:9-187:52
	android:screenOrientation
		ADDED from src\main\AndroidManifest.xml:187:13-49
	android:configChanges
		ADDED from src\main\AndroidManifest.xml:186:13-74
	android:name
		ADDED from src\main\AndroidManifest.xml:185:13-61
activity#com.xcore.ui.activity.StarDetailActivity
ADDED from src\main\AndroidManifest.xml:188:9-191:50
	android:screenOrientation
		ADDED from src\main\AndroidManifest.xml:190:13-49
	android:theme
		ADDED from src\main\AndroidManifest.xml:191:13-47
	android:name
		ADDED from src\main\AndroidManifest.xml:189:13-59
activity#com.xcore.ui.activity.OpenScreenAdvActivity
ADDED from src\main\AndroidManifest.xml:192:9-195:48
	android:screenOrientation
		ADDED from src\main\AndroidManifest.xml:194:13-49
	android:theme
		ADDED from src\main\AndroidManifest.xml:195:13-45
	android:name
		ADDED from src\main\AndroidManifest.xml:193:13-62
activity#com.xcore.down.M3u8CacheActivity
ADDED from src\main\AndroidManifest.xml:196:9-198:52
	android:screenOrientation
		ADDED from src\main\AndroidManifest.xml:198:13-49
	android:name
		ADDED from src\main\AndroidManifest.xml:197:13-51
activity#com.xcore.ui.otheractivity.AActivity
ADDED from src\main\AndroidManifest.xml:199:9-64
	android:name
		ADDED from src\main\AndroidManifest.xml:199:19-61
activity#com.xcore.ui.otheractivity.BActivity
ADDED from src\main\AndroidManifest.xml:200:9-64
	android:name
		ADDED from src\main\AndroidManifest.xml:200:19-61
activity#com.xcore.ui.otheractivity.CActivity
ADDED from src\main\AndroidManifest.xml:201:9-64
	android:name
		ADDED from src\main\AndroidManifest.xml:201:19-61
activity#com.xcore.ui.otheractivity.DActivity
ADDED from src\main\AndroidManifest.xml:202:9-64
	android:name
		ADDED from src\main\AndroidManifest.xml:202:19-61
activity#com.xcore.ui.otheractivity.EActivity
ADDED from src\main\AndroidManifest.xml:203:9-64
	android:name
		ADDED from src\main\AndroidManifest.xml:203:19-61
activity#com.xcore.ui.otheractivity.FActivity
ADDED from src\main\AndroidManifest.xml:204:9-64
	android:name
		ADDED from src\main\AndroidManifest.xml:204:19-61
activity#com.xcore.ui.otheractivity.TWebActivity
ADDED from src\main\AndroidManifest.xml:205:9-67
	android:name
		ADDED from src\main\AndroidManifest.xml:205:19-64
activity#com.xcore.ui.activity.RecodeActivity
ADDED from src\main\AndroidManifest.xml:206:9-64
	android:name
		ADDED from src\main\AndroidManifest.xml:206:19-61
uses-sdk
INJECTED from src\main\AndroidManifest.xml reason: use-sdk injection requested
INJECTED from src\main\AndroidManifest.xml
INJECTED from src\main\AndroidManifest.xml
MERGED from [jjdxm-ijkplayer.aar] AndroidManifest.xml:8:5-10:41
MERGED from [jjdxm-ijkplayer.aar] AndroidManifest.xml:8:5-10:41
MERGED from [:glide37] AndroidManifest.xml:7:5-9:41
MERGED from [:glide37] AndroidManifest.xml:7:5-9:41
MERGED from [:lockpattern] AndroidManifest.xml:7:5-9:41
MERGED from [:lockpattern] AndroidManifest.xml:7:5-9:41
MERGED from [:CommonRecycler] AndroidManifest.xml:5:5-7:41
MERGED from [:CommonRecycler] AndroidManifest.xml:5:5-7:41
MERGED from [:libzxing] AndroidManifest.xml:7:5-9:41
MERGED from [:libzxing] AndroidManifest.xml:7:5-9:41
MERGED from [:baselibrary] AndroidManifest.xml:7:5-9:41
MERGED from [:baselibrary] AndroidManifest.xml:7:5-9:41
MERGED from [com.android.support:design:27.1.1] AndroidManifest.xml:20:5-44
MERGED from [com.android.support:design:27.1.1] AndroidManifest.xml:20:5-44
MERGED from [com.lzy.widget:view-core:0.1.5] AndroidManifest.xml:7:5-9:41
MERGED from [com.lzy.widget:view-core:0.1.5] AndroidManifest.xml:7:5-9:41
MERGED from [com.wx.goodview:goodview:1.0.0] AndroidManifest.xml:7:5-9:41
MERGED from [com.wx.goodview:goodview:1.0.0] AndroidManifest.xml:7:5-9:41
MERGED from [com.github.gittjy:LoadingDialog:1.0.2] AndroidManifest.xml:7:5-9:41
MERGED from [com.github.gittjy:LoadingDialog:1.0.2] AndroidManifest.xml:7:5-9:41
MERGED from [cn.carbs.android:AvatarImageView:1.0.4] AndroidManifest.xml:8:5-10:41
MERGED from [cn.carbs.android:AvatarImageView:1.0.4] AndroidManifest.xml:8:5-10:41
MERGED from [com.github.maning0303:MNUpdateAPK:V1.1.8] AndroidManifest.xml:7:5-9:41
MERGED from [com.github.maning0303:MNUpdateAPK:V1.1.8] AndroidManifest.xml:7:5-9:41
MERGED from [com.android.support:appcompat-v7:27.1.1] AndroidManifest.xml:20:5-44
MERGED from [com.android.support:appcompat-v7:27.1.1] AndroidManifest.xml:20:5-44
MERGED from [me.shaohui:bottomdialog:1.1.9] AndroidManifest.xml:7:5-9:41
MERGED from [me.shaohui:bottomdialog:1.1.9] AndroidManifest.xml:7:5-9:41
MERGED from [com.kevin:loopview:1.4.3] AndroidManifest.xml:7:5-9:41
MERGED from [com.kevin:loopview:1.4.3] AndroidManifest.xml:7:5-9:41
MERGED from [com.android.support:support-v4:27.1.1] AndroidManifest.xml:20:5-44
MERGED from [com.android.support:support-v4:27.1.1] AndroidManifest.xml:20:5-44
MERGED from [com.android.support:recyclerview-v7:27.1.1] AndroidManifest.xml:20:5-44
MERGED from [com.android.support:recyclerview-v7:27.1.1] AndroidManifest.xml:20:5-44
MERGED from [com.android.support.constraint:constraint-layout:1.1.3] AndroidManifest.xml:5:5-7:41
MERGED from [com.android.support.constraint:constraint-layout:1.1.3] AndroidManifest.xml:5:5-7:41
MERGED from [com.nex3z:flow-layout:1.2.2] AndroidManifest.xml:7:5-9:41
MERGED from [com.nex3z:flow-layout:1.2.2] AndroidManifest.xml:7:5-9:41
MERGED from [com.lzy.net:okgo:3.0.4] AndroidManifest.xml:22:5-24:41
MERGED from [com.lzy.net:okgo:3.0.4] AndroidManifest.xml:22:5-24:41
MERGED from [com.wang.avi:library:2.1.3] AndroidManifest.xml:7:5-9:41
MERGED from [com.wang.avi:library:2.1.3] AndroidManifest.xml:7:5-9:41
MERGED from [com.github.xiaohaibin:XBanner:1.6.4] AndroidManifest.xml:5:5-7:41
MERGED from [com.github.xiaohaibin:XBanner:1.6.4] AndroidManifest.xml:5:5-7:41
MERGED from [com.android.support:cardview-v7:26.0.0] AndroidManifest.xml:20:5-44
MERGED from [com.android.support:cardview-v7:26.0.0] AndroidManifest.xml:20:5-44
MERGED from [com.kevin:delegationadapter:1.1.0] AndroidManifest.xml:7:5-9:41
MERGED from [com.kevin:delegationadapter:1.1.0] AndroidManifest.xml:7:5-9:41
MERGED from [com.kevin:delegationadapter-extras:1.1.0] AndroidManifest.xml:7:5-9:41
MERGED from [com.kevin:delegationadapter-extras:1.1.0] AndroidManifest.xml:7:5-9:41